cost:
10
Demo
5
3.141592653589793
232
11
11
Lambda
20
Your Lambda for the perimeter:

;Ill-formed syntax: (define (distance x1 y1 x2 y2))
;To continue, call RESTART with an option number:
; (RESTART 1) => Return to read-eval-print level 1.

2 error> (display "Distance")Distance
;Unspecified return value

2 error> (newline)
;Unspecified return value

2 error> (display (distance 3 4 6 8))
;Unbound variable: distance
;To continue, call RESTART with an option number:
; (RESTART 4) => Specify a value to use instead of distance.
; (RESTART 3) => Define distance to a given value.
; (RESTART 2) => Return to read-eval-print level 2.
; (RESTART 1) => Return to read-eval-print level 1.

3 error> (newline)
;Unspecified return value

3 error> (define (perimeter L W)
	(* 2 (+ L W))
)
;Value: perimeter

3 error> ;;;; some predicates and relational operators: >= > < <= = EVEN? ODD? ZERO? AND OR

(define (max a b)
	(if (> a b) a b)
)
;Value: max

3 error> ;; A number is small if it is less than 10
(define (isSmall x)
;;; FILL THIS IN	
)
;Ill-formed syntax: (define (issmall x))
;To continue, call RESTART with an option number:
; (RESTART 3) => Return to read-eval-print level 3.
; (RESTART 2) => Return to read-eval-print level 2.
; (RESTART 1) => Return to read-eval-print level 1.

4 error> (display "isSmall")isSmall
;Unspecified return value

4 error> (newline)
;Unspecified return value

4 error> (display (isSmall 5))
;Unbound variable: issmall
;To continue, call RESTART with an option number:
; (RESTART 6) => Specify a value to use instead of issmall.
; (RESTART 5) => Define issmall to a given value.
; (RESTART 4) => Return to read-eval-print level 4.
; (RESTART 3) => Return to read-eval-print level 3.
; (RESTART 2) => Return to read-eval-print level 2.
; (RESTART 1) => Return to read-eval-print level 1.

5 error> (newline)
;Unspecified return value

5 error> (display (isSmall 10))
;Unbound variable: issmall
;To continue, call RESTART with an option number:
; (RESTART 7) => Specify a value to use instead of issmall.
; (RESTART 6) => Define issmall to a given value.
; (RESTART 5) => Return to read-eval-print level 5.
; (RESTART 4) => Return to read-eval-print level 4.
; (RESTART 3) => Return to read-eval-print level 3.
; (RESTART 2) => Return to read-eval-print level 2.
; (RESTART 1) => Return to read-eval-print level 1.

6 error> (newline)
;Unspecified return value

6 error> (display (isSmall 15))
;Unbound variable: issmall
;To continue, call RESTART with an option number:
; (RESTART 8) => Specify a value to use instead of issmall.
; (RESTART 7) => Define issmall to a given value.
; (RESTART 6) => Return to read-eval-print level 6.
; (RESTART 5) => Return to read-eval-print level 5.
; (RESTART 4) => Return to read-eval-print level 4.
; (RESTART 3) => Return to read-eval-print level 3.
; (RESTART 2) => Return to read-eval-print level 2.
; (RESTART 1) => Return to read-eval-print level 1.

7 error> (newline)
;Unspecified return value

7 error> (define (fib n)
	(cond
		((= n 1) 1)
		((= n 2) 1)
		(else (+ (fib (- n 1)) (fib (- n 2))))
	)
)
;Value: fib

7 error> (display "Fibbonacci Numbers")Fibbonacci Numbers
;Unspecified return value

7 error> (newline)
;Unspecified return value

7 error> (display (fib 1))1
;Unspecified return value

7 error> (newline)
;Unspecified return value

7 error> (display (fib 2))1
;Unspecified return value

7 error> (newline)
;Unspecified return value

7 error> (display (fib 3))2
;Unspecified return value

7 error> (newline)
;Unspecified return value

7 error> (display (fib 4))3
;Unspecified return value

7 error> (newline)
;Unspecified return value

7 error> (display (fib 5))5
;Unspecified return value

7 error> (newline)
;Unspecified return value

7 error> (display (fib 6))8
;Unspecified return value

7 error> (newline)
;Unspecified return value

7 error> (display (fib 7))13
;Unspecified return value

7 error> (newline)
;Unspecified return value

7 error> ; Quadrants are based on the signs of x and y
;  2 | 1
;  --+--
;  3 | 4
(define (isInQuadrant1 x y)
;;; FILL THIS IN
)
;Ill-formed syntax: (define (isinquadrant1 x y))
;To continue, call RESTART with an option number:
; (RESTART 7) => Return to read-eval-print level 7.
; (RESTART 6) => Return to read-eval-print level 6.
; (RESTART 5) => Return to read-eval-print level 5.
; (RESTART 4) => Return to read-eval-print level 4.
; (RESTART 3) => Return to read-eval-print level 3.
; (RESTART 2) => Return to read-eval-print level 2.
; (RESTART 1) => Return to read-eval-print level 1.

8 error> (display "IsInQuadrant1:")IsInQuadrant1:
;Unspecified return value

8 error> (newline)
;Unspecified return value

8 error> (display (isInQuadrant1 1 1))
;Unbound variable: isinquadrant1
;To continue, call RESTART with an option number:
; (RESTART 10) => Specify a value to use instead of isinquadrant1.
; (RESTART 9) => Define isinquadrant1 to a given value.
; (RESTART 8) => Return to read-eval-print level 8.
; (RESTART 7) => Return to read-eval-print level 7.
; (RESTART 6) => Return to read-eval-print level 6.
; (RESTART 5) => Return to read-eval-print level 5.
; (RESTART 4) => Return to read-eval-print level 4.
; (RESTART 3) => Return to read-eval-print level 3.
; (RESTART 2) => Return to read-eval-print level 2.
; (RESTART 1) => Return to read-eval-print level 1.

9 error> (newline)
;Unspecified return value

9 error> (display (isInQuadrant1 -3 2))
;Unbound variable: isinquadrant1
;To continue, call RESTART with an option number:
; (RESTART 11) => Specify a value to use instead of isinquadrant1.
; (RESTART 10) => Define isinquadrant1 to a given value.
; (RESTART 9) => Return to read-eval-print level 9.
; (RESTART 8) => Return to read-eval-print level 8.
; (RESTART 7) => Return to read-eval-print level 7.
; (RESTART 6) => Return to read-eval-print level 6.
; (RESTART 5) => Return to read-eval-print level 5.
; (RESTART 4) => Return to read-eval-print level 4.
; (RESTART 3) => Return to read-eval-print level 3.
; (RESTART 2) => Return to read-eval-print level 2.
; (RESTART 1) => Return to read-eval-print level 1.

10 error> (newline)
;Unspecified return value

10 error> (display (isInQuadrant1 5 -1))
;Unbound variable: isinquadrant1
;To continue, call RESTART with an option number:
; (RESTART 12) => Specify a value to use instead of isinquadrant1.
; (RESTART 11) => Define isinquadrant1 to a given value.
; (RESTART 10) => Return to read-eval-print level 10.
; (RESTART 9) => Return to read-eval-print level 9.
; (RESTART 8) => Return to read-eval-print level 8.
; (RESTART 7) => Return to read-eval-print level 7.
; (RESTART 6) => Return to read-eval-print level 6.
; (RESTART 5) => Return to read-eval-print level 5.
; (RESTART 4) => Return to read-eval-print level 4.
; (RESTART 3) => Return to read-eval-print level 3.
; (RESTART 2) => Return to read-eval-print level 2.
; (RESTART 1) => Return to read-eval-print level 1.

11 error> (newline)
;Unspecified return value

11 error> (display (isInQuadrant1 0 0))
;Unbound variable: isinquadrant1
;To continue, call RESTART with an option number:
; (RESTART 13) => Specify a value to use instead of isinquadrant1.
; (RESTART 12) => Define isinquadrant1 to a given value.
; (RESTART 11) => Return to read-eval-print level 11.
; (RESTART 10) => Return to read-eval-print level 10.
; (RESTART 9) => Return to read-eval-print level 9.
; (RESTART 8) => Return to read-eval-print level 8.
; (RESTART 7) => Return to read-eval-print level 7.
; (RESTART 6) => Return to read-eval-print level 6.
; (RESTART 5) => Return to read-eval-print level 5.
; (RESTART 4) => Return to read-eval-print level 4.
; (RESTART 3) => Return to read-eval-print level 3.
; (RESTART 2) => Return to read-eval-print level 2.
; (RESTART 1) => Return to read-eval-print level 1.

12 error> (newline)
;Unspecified return value

12 error> (display (isInQuadrant1 -10 -10))
;Unbound variable: isinquadrant1
;To continue, call RESTART with an option number:
; (RESTART 14) => Specify a value to use instead of isinquadrant1.
; (RESTART 13) => Define isinquadrant1 to a given value.
; (RESTART 12) => Return to read-eval-print level 12.
; (RESTART 11) => Return to read-eval-print level 11.
; (RESTART 10) => Return to read-eval-print level 10.
; (RESTART 9) => Return to read-eval-print level 9.
; (RESTART 8) => Return to read-eval-print level 8.
; (RESTART 7) => Return to read-eval-print level 7.
; (RESTART 6) => Return to read-eval-print level 6.
; (RESTART 5) => Return to read-eval-print level 5.
; (RESTART 4) => Return to read-eval-print level 4.
; (RESTART 3) => Return to read-eval-print level 3.
; (RESTART 2) => Return to read-eval-print level 2.
; (RESTART 1) => Return to read-eval-print level 1.

13 error> (newline)
;Unspecified return value

13 error> (define (quadrant x y)
;;; FILL THIS IN
)
;Ill-formed syntax: (define (quadrant x y))
;To continue, call RESTART with an option number:
; (RESTART 13) => Return to read-eval-print level 13.
; (RESTART 12) => Return to read-eval-print level 12.
; (RESTART 11) => Return to read-eval-print level 11.
; (RESTART 10) => Return to read-eval-print level 10.
; (RESTART 9) => Return to read-eval-print level 9.
; (RESTART 8) => Return to read-eval-print level 8.
; (RESTART 7) => Return to read-eval-print level 7.
; (RESTART 6) => Return to read-eval-print level 6.
; (RESTART 5) => Return to read-eval-print level 5.
; (RESTART 4) => Return to read-eval-print level 4.
; (RESTART 3) => Return to read-eval-print level 3.
; (RESTART 2) => Return to read-eval-print level 2.
; (RESTART 1) => Return to read-eval-print level 1.

14 error> (display "Quadrant:")Quadrant:
;Unspecified return value

14 error> (newline)
;Unspecified return value

14 error> (display (quadrant 1 1))
;Unbound variable: quadrant
;To continue, call RESTART with an option number:
; (RESTART 16) => Specify a value to use instead of quadrant.
; (RESTART 15) => Define quadrant to a given value.
; (RESTART 14) => Return to read-eval-print level 14.
; (RESTART 13) => Return to read-eval-print level 13.
; (RESTART 12) => Return to read-eval-print level 12.
; (RESTART 11) => Return to read-eval-print level 11.
; (RESTART 10) => Return to read-eval-print level 10.
; (RESTART 9) => Return to read-eval-print level 9.
; (RESTART 8) => Return to read-eval-print level 8.
; (RESTART 7) => Return to read-eval-print level 7.
; (RESTART 6) => Return to read-eval-print level 6.
; (RESTART 5) => Return to read-eval-print level 5.
; (RESTART 4) => Return to read-eval-print level 4.
; (RESTART 3) => Return to read-eval-print level 3.
; (RESTART 2) => Return to read-eval-print level 2.
; (RESTART 1) => Return to read-eval-print level 1.

15 error> (newline)
;Unspecified return value

15 error> (display (quadrant -1 4))
;Unbound variable: quadrant
;To continue, call RESTART with an option number:
; (RESTART 17) => Specify a value to use instead of quadrant.
; (RESTART 16) => Define quadrant to a given value.
; (RESTART 15) => Return to read-eval-print level 15.
; (RESTART 14) => Return to read-eval-print level 14.
; (RESTART 13) => Return to read-eval-print level 13.
; (RESTART 12) => Return to read-eval-print level 12.
; (RESTART 11) => Return to read-eval-print level 11.
; (RESTART 10) => Return to read-eval-print level 10.
; (RESTART 9) => Return to read-eval-print level 9.
; (RESTART 8) => Return to read-eval-print level 8.
; (RESTART 7) => Return to read-eval-print level 7.
; (RESTART 6) => Return to read-eval-print level 6.
; (RESTART 5) => Return to read-eval-print level 5.
; (RESTART 4) => Return to read-eval-print level 4.
; (RESTART 3) => Return to read-eval-print level 3.
; (RESTART 2) => Return to read-eval-print level 2.
; (RESTART 1) => Return to read-eval-print level 1.

16 error> (newline)
;Unspecified return value

16 error> (display (quadrant 5 -3))
;Unbound variable: quadrant
;To continue, call RESTART with an option number:
; (RESTART 18) => Specify a value to use instead of quadrant.
; (RESTART 17) => Define quadrant to a given value.
; (RESTART 16) => Return to read-eval-print level 16.
; (RESTART 15) => Return to read-eval-print level 15.
; (RESTART 14) => Return to read-eval-print level 14.
; (RESTART 13) => Return to read-eval-print level 13.
; (RESTART 12) => Return to read-eval-print level 12.
; (RESTART 11) => Return to read-eval-print level 11.
; (RESTART 10) => Return to read-eval-print level 10.
; (RESTART 9) => Return to read-eval-print level 9.
; (RESTART 8) => Return to read-eval-print level 8.
; (RESTART 7) => Return to read-eval-print level 7.
; (RESTART 6) => Return to read-eval-print level 6.
; (RESTART 5) => Return to read-eval-print level 5.
; (RESTART 4) => Return to read-eval-print level 4.
; (RESTART 3) => Return to read-eval-print level 3.
; (RESTART 2) => Return to read-eval-print level 2.
; (RESTART 1) => Return to read-eval-print level 1.

17 error> (newline)
;Unspecified return value

17 error> (display (quadrant -12 -8))
;Unbound variable: quadrant
;To continue, call RESTART with an option number:
; (RESTART 19) => Specify a value to use instead of quadrant.
; (RESTART 18) => Define quadrant to a given value.
; (RESTART 17) => Return to read-eval-print level 17.
; (RESTART 16) => Return to read-eval-print level 16.
; (RESTART 15) => Return to read-eval-print level 15.
; (RESTART 14) => Return to read-eval-print level 14.
; (RESTART 13) => Return to read-eval-print level 13.
; (RESTART 12) => Return to read-eval-print level 12.
; (RESTART 11) => Return to read-eval-print level 11.
; (RESTART 10) => Return to read-eval-print level 10.
; (RESTART 9) => Return to read-eval-print level 9.
; (RESTART 8) => Return to read-eval-print level 8.
; (RESTART 7) => Return to read-eval-print level 7.
; (RESTART 6) => Return to read-eval-print level 6.
; (RESTART 5) => Return to read-eval-print level 5.
; (RESTART 4) => Return to read-eval-print level 4.
; (RESTART 3) => Return to read-eval-print level 3.
; (RESTART 2) => Return to read-eval-print level 2.
; (RESTART 1) => Return to read-eval-print level 1.

18 error> (newline)
;Unspecified return value

18 error> (display (quadrant 0 0))
;Unbound variable: quadrant
;To continue, call RESTART with an option number:
; (RESTART 20) => Specify a value to use instead of quadrant.
; (RESTART 19) => Define quadrant to a given value.
; (RESTART 18) => Return to read-eval-print level 18.
; (RESTART 17) => Return to read-eval-print level 17.
; (RESTART 16) => Return to read-eval-print level 16.
; (RESTART 15) => Return to read-eval-print level 15.
; (RESTART 14) => Return to read-eval-print level 14.
; (RESTART 13) => Return to read-eval-print level 13.
; (RESTART 12) => Return to read-eval-print level 12.
; (RESTART 11) => Return to read-eval-print level 11.
; (RESTART 10) => Return to read-eval-print level 10.
; (RESTART 9) => Return to read-eval-print level 9.
; (RESTART 8) => Return to read-eval-print level 8.
; (RESTART 7) => Return to read-eval-print level 7.
; (RESTART 6) => Return to read-eval-print level 6.
; (RESTART 5) => Return to read-eval-print level 5.
; (RESTART 4) => Return to read-eval-print level 4.
; (RESTART 3) => Return to read-eval-print level 3.
; (RESTART 2) => Return to read-eval-print level 2.
; (RESTART 1) => Return to read-eval-print level 1.

19 error> (newline)
;Unspecified return value

19 error> (define (computeGrossPay hours rate)
;;; FILL THIS IN
;;; Hours over 40 are given time and half. Hours over 60 are given double time.
)
;Ill-formed syntax: (define (computegrosspay hours rate))
;To continue, call RESTART with an option number:
; (RESTART 19) => Return to read-eval-print level 19.
; (RESTART 18) => Return to read-eval-print level 18.
; (RESTART 17) => Return to read-eval-print level 17.
; (RESTART 16) => Return to read-eval-print level 16.
; (RESTART 15) => Return to read-eval-print level 15.
; (RESTART 14) => Return to read-eval-print level 14.
; (RESTART 13) => Return to read-eval-print level 13.
; (RESTART 12) => Return to read-eval-print level 12.
; (RESTART 11) => Return to read-eval-print level 11.
; (RESTART 10) => Return to read-eval-print level 10.
; (RESTART 9) => Return to read-eval-print level 9.
; (RESTART 8) => Return to read-eval-print level 8.
; (RESTART 7) => Return to read-eval-print level 7.
; (RESTART 6) => Return to read-eval-print level 6.
; (RESTART 5) => Return to read-eval-print level 5.
; (RESTART 4) => Return to read-eval-print level 4.
; (RESTART 3) => Return to read-eval-print level 3.
; (RESTART 2) => Return to read-eval-print level 2.
; (RESTART 1) => Return to read-eval-print level 1.

20 error> (display "computeGrossPay:")computeGrossPay:
;Unspecified return value

20 error> (newline)
;Unspecified return value

20 error> (display (computeGrossPay 35 15.00))
;Unbound variable: computegrosspay
;To continue, call RESTART with an option number:
; (RESTART 22) => Specify a value to use instead of computegrosspay.
; (RESTART 21) => Define computegrosspay to a given value.
; (RESTART 20) => Return to read-eval-print level 20.
; (RESTART 19) => Return to read-eval-print level 19.
; (RESTART 18) => Return to read-eval-print level 18.
; (RESTART 17) => Return to read-eval-print level 17.
; (RESTART 16) => Return to read-eval-print level 16.
; (RESTART 15) => Return to read-eval-print level 15.
; (RESTART 14) => Return to read-eval-print level 14.
; (RESTART 13) => Return to read-eval-print level 13.
; (RESTART 12) => Return to read-eval-print level 12.
; (RESTART 11) => Return to read-eval-print level 11.
; (RESTART 10) => Return to read-eval-print level 10.
; (RESTART 9) => Return to read-eval-print level 9.
; (RESTART 8) => Return to read-eval-print level 8.
; (RESTART 7) => Return to read-eval-print level 7.
; (RESTART 6) => Return to read-eval-print level 6.
; (RESTART 5) => Return to read-eval-print level 5.
; (RESTART 4) => Return to read-eval-print level 4.
; (RESTART 3) => Return to read-eval-print level 3.
; (RESTART 2) => Return to read-eval-print level 2.
; (RESTART 1) => Return to read-eval-print level 1.

21 error> (newline)
;Unspecified return value

21 error> (display (computeGrossPay 50 15.00))
;Unbound variable: computegrosspay
;To continue, call RESTART with an option number:
; (RESTART 23) => Specify a value to use instead of computegrosspay.
; (RESTART 22) => Define computegrosspay to a given value.
; (RESTART 21) => Return to read-eval-print level 21.
; (RESTART 20) => Return to read-eval-print level 20.
; (RESTART 19) => Return to read-eval-print level 19.
; (RESTART 18) => Return to read-eval-print level 18.
; (RESTART 17) => Return to read-eval-print level 17.
; (RESTART 16) => Return to read-eval-print level 16.
; (RESTART 15) => Return to read-eval-print level 15.
; (RESTART 14) => Return to read-eval-print level 14.
; (RESTART 13) => Return to read-eval-print level 13.
; (RESTART 12) => Return to read-eval-print level 12.
; (RESTART 11) => Return to read-eval-print level 11.
; (RESTART 10) => Return to read-eval-print level 10.
; (RESTART 9) => Return to read-eval-print level 9.
; (RESTART 8) => Return to read-eval-print level 8.
; (RESTART 7) => Return to read-eval-print level 7.
; (RESTART 6) => Return to read-eval-print level 6.
; (RESTART 5) => Return to read-eval-print level 5.
; (RESTART 4) => Return to read-eval-print level 4.
; (RESTART 3) => Return to read-eval-print level 3.
; (RESTART 2) => Return to read-eval-print level 2.
; (RESTART 1) => Return to read-eval-print level 1.

22 error> (newline)
;Unspecified return value

22 error> (display (computeGrossPay 75 15.00))
;Unbound variable: computegrosspay
;To continue, call RESTART with an option number:
; (RESTART 24) => Specify a value to use instead of computegrosspay.
; (RESTART 23) => Define computegrosspay to a given value.
; (RESTART 22) => Return to read-eval-print level 22.
; (RESTART 21) => Return to read-eval-print level 21.
; (RESTART 20) => Return to read-eval-print level 20.
; (RESTART 19) => Return to read-eval-print level 19.
; (RESTART 18) => Return to read-eval-print level 18.
; (RESTART 17) => Return to read-eval-print level 17.
; (RESTART 16) => Return to read-eval-print level 16.
; (RESTART 15) => Return to read-eval-print level 15.
; (RESTART 14) => Return to read-eval-print level 14.
; (RESTART 13) => Return to read-eval-print level 13.
; (RESTART 12) => Return to read-eval-print level 12.
; (RESTART 11) => Return to read-eval-print level 11.
; (RESTART 10) => Return to read-eval-print level 10.
; (RESTART 9) => Return to read-eval-print level 9.
; (RESTART 8) => Return to read-eval-print level 8.
; (RESTART 7) => Return to read-eval-print level 7.
; (RESTART 6) => Return to read-eval-print level 6.
; (RESTART 5) => Return to read-eval-print level 5.
; (RESTART 4) => Return to read-eval-print level 4.
; (RESTART 3) => Return to read-eval-print level 3.
; (RESTART 2) => Return to read-eval-print level 2.
; (RESTART 1) => Return to read-eval-print level 1.

23 error> (newline)
;Unspecified return value

23 error> 
End of input stream reached.